<?xml version="1.0" encoding="UTF-8"?>
<testng-results ignored="0" total="1" passed="1" failed="0" skipped="0">
  <reporter-output>
  </reporter-output>
  <suite started-at="2023-05-02T22:05:34 IST" name="Default suite" finished-at="2023-05-02T22:05:34 IST" duration-ms="68">
    <groups>
    </groups>
    <test started-at="2023-05-02T22:05:34 IST" name="Default test" finished-at="2023-05-02T22:05:34 IST" duration-ms="68">
      <class name="TestCases.TestA">
        <test-method signature="TestPro()[pri:0, instance:TestCases.TestA@a3d8174]" started-at="2023-05-02T22:05:34 IST" name="TestPro" finished-at="2023-05-02T22:05:34 IST" duration-ms="13" status="PASS">
          <reporter-output>
          </reporter-output>
        </test-method> <!-- TestPro -->
      </class> <!-- TestCases.TestA -->
    </test> <!-- Default test -->
  </suite> <!-- Default suite -->
</testng-results>
